(e_ven)Running: Start machine      [ exec-time = 0.000 ms ]
(e_ven)Running: Boil water         [ exec-time = 0.000 ms ]
(e_ven)Running: Make coffee        [ exec-time = 2.058 s ]
(e_ven)Running: Start machine      [ exec-time = 0.000 ms ]
(e_ven)Running: Boil water         [ exec-time = 0.000 ms ]
(e_ven)Running: Make coffee        [ exec-time = 2.020 s ]
(e_ven)Running: Start machine      [ exec-time = 0.000 ms ]
(e_ven)Running: Boil water         [ exec-time = 0.000 ms ]
(e_ven)Running: Make coffee        [ exec-time = 2.022 s ]
(e_ven)Running: Start machine      [ exec-time = 0.000 ms ]
(e_ven)Running: Boil water         [ exec-time = 0.000 ms ]
(e_ven)Running: Make coffee        [ exec-time = 2.029 s ]
(e_ven)Running: Start machine      [ exec-time = 0.996 ms ]
(e_ven)Running: Make coffee        [ exec-time = 0.003 s ]
(e_ven)Running: Start machine      [ exec-time = 0.009 s ]
(e_ven)Running: Make coffee        [ exec-time = 0.010 s ]
(e_ven)Running: Add water          [ exec-time = 2.002 s ]
(e_ven)Running: Start machine      [ exec-time = 0.000 ms ]
(e_ven)Running: Boil water         [ exec-time = 0.000 ms ]
(e_ven)Running: Make coffee        [ exec-time = 2.023 s ]
(e_ven)Running: Start machine      [ exec-time = 0.000 ms ]
(e_ven)Running: Boil water         [ exec-time = 0.000 ms ]
(e_ven)Running: Make coffee        [ exec-time = 2.031 s ]
(e_ven)Running: Start machine      [ exec-time = 0.000 ms ]
(e_ven)Running: Boil water         [ exec-time = 0.000 ms ]
(e_ven)Running: Make coffee        [ exec-time = 2.022 s ]
(e_ven)Running: Start machine      [ exec-time = 0.000 ms ]
(e_ven)Running: Boil water         [ exec-time = 0.000 ms ]
(e_ven)Running: Make coffee        [ exec-time = 2.014 s ]
(e_ven)Running: Start machine      [ exec-time = 0.988 ms ]
(e_ven)Running: Make coffee        [ exec-time = 0.003 s ]
(e_ven)Running: Start machine      [ exec-time = 0.999 ms ]
(e_ven)Running: Make coffee        [ exec-time = 0.999 ms ]
(e_ven)Running: Add water          [ exec-time = 1.001 s ]
(None)Running: Start machine      [ exec-time = 0.001 ms ]
(None)Running: Boil water         [ exec-time = 0.007 ms ]
(None)Running: Make coffee        [ exec-time = 2.018 s ]
(None)Running: Start machine      [ exec-time = 0.003 ms ]
(None)Running: Boil water         [ exec-time = 0.006 ms ]
(None)Running: Make coffee        [ exec-time = 2.018 s ]
(None)Running: Start machine      [ exec-time = 0.004 ms ]
(None)Running: Boil water         [ exec-time = 0.008 ms ]
(None)Running: Make coffee        [ exec-time = 2.018 s ]
(None)Running: Start machine      [ exec-time = 0.003 ms ]
(None)Running: Boil water         [ exec-time = 0.007 ms ]
(None)Running: Make coffee        [ exec-time = 2.017 s ]
(None)Running: Start machine      [ exec-time = 0.088 ms ]
(None)Running: Make coffee        [ exec-time = 0.006 s ]
(None)Running: Start machine      [ exec-time = 0.105 ms ]
(None)Running: Make coffee        [ exec-time = 0.006 s ]
(None)Running: Add water          [ exec-time = 3.003 s ]
(edvenan)Running: Start machine      [ exec-time = 0.002 ms ]
(edvenan)Running: Boil water         [ exec-time = 0.046 ms ]
(edvenan)Running: Make coffee        [ exec-time = 2.018 s ]
(edvenan)Running: Start machine      [ exec-time = 0.003 ms ]
(edvenan)Running: Boil water         [ exec-time = 0.006 ms ]
(edvenan)Running: Make coffee        [ exec-time = 2.016 s ]
(edvenan)Running: Start machine      [ exec-time = 0.003 ms ]
(edvenan)Running: Boil water         [ exec-time = 0.007 ms ]
(edvenan)Running: Make coffee        [ exec-time = 2.019 s ]
(edvenan)Running: Start machine      [ exec-time = 0.007 ms ]
(edvenan)Running: Boil water         [ exec-time = 0.009 ms ]
(edvenan)Running: Make coffee        [ exec-time = 2.015 s ]
(edvenan)Running: Start machine      [ exec-time = 0.120 ms ]
(edvenan)Running: Make coffee        [ exec-time = 0.007 s ]
(edvenan)Running: Start machine      [ exec-time = 0.090 ms ]
(edvenan)Running: Make coffee        [ exec-time = 0.007 s ]
(edvenan)Running: Add water          [ exec-time = 2.002 s ]
